  5210.00 ns: Write to SPR : [00000011] <- 00000001
  5310.00 ns: Write to SPR : [00005000] <- 00000000
  6610.00 ns: Read from SPR: [00000001] -> 00000e7f
  7110.00 ns: Read from SPR: [00000011] -> 00008001
  7510.00 ns: Write to SPR : [00000011] <- 00008001
  7610.00 ns: Read from SPR: [00000006] -> 00002640
  8710.00 ns: Write to SPR : [00002002] <- 00000000
  9210.00 ns: Write to SPR : [00002002] <- 00000010
  9710.00 ns: Write to SPR : [00002002] <- 00000020
 10210.00 ns: Write to SPR : [00002002] <- 00000030
 10710.00 ns: Write to SPR : [00002002] <- 00000040
 11210.00 ns: Write to SPR : [00002002] <- 00000050
 11710.00 ns: Write to SPR : [00002002] <- 00000060
 12210.00 ns: Write to SPR : [00002002] <- 00000070
 12710.00 ns: Write to SPR : [00002002] <- 00000080
 13210.00 ns: Write to SPR : [00002002] <- 00000090
 13710.00 ns: Write to SPR : [00002002] <- 000000a0
 14210.00 ns: Write to SPR : [00002002] <- 000000b0
 14710.00 ns: Write to SPR : [00002002] <- 000000c0
 15210.00 ns: Write to SPR : [00002002] <- 000000d0
 15710.00 ns: Write to SPR : [00002002] <- 000000e0
 16210.00 ns: Write to SPR : [00002002] <- 000000f0
 16710.00 ns: Write to SPR : [00002002] <- 00000100
 17210.00 ns: Write to SPR : [00002002] <- 00000110
 17710.00 ns: Write to SPR : [00002002] <- 00000120
 18210.00 ns: Write to SPR : [00002002] <- 00000130
 18710.00 ns: Write to SPR : [00002002] <- 00000140
 19210.00 ns: Write to SPR : [00002002] <- 00000150
 19710.00 ns: Write to SPR : [00002002] <- 00000160
 20210.00 ns: Write to SPR : [00002002] <- 00000170
 20710.00 ns: Write to SPR : [00002002] <- 00000180
 21210.00 ns: Write to SPR : [00002002] <- 00000190
 21710.00 ns: Write to SPR : [00002002] <- 000001a0
 22210.00 ns: Write to SPR : [00002002] <- 000001b0
 22710.00 ns: Write to SPR : [00002002] <- 000001c0
 23210.00 ns: Write to SPR : [00002002] <- 000001d0
 23710.00 ns: Write to SPR : [00002002] <- 000001e0
 24210.00 ns: Write to SPR : [00002002] <- 000001f0
 24710.00 ns: Write to SPR : [00002002] <- 00000200
 25210.00 ns: Write to SPR : [00002002] <- 00000210
 25710.00 ns: Write to SPR : [00002002] <- 00000220
 26210.00 ns: Write to SPR : [00002002] <- 00000230
 26710.00 ns: Write to SPR : [00002002] <- 00000240
 27210.00 ns: Write to SPR : [00002002] <- 00000250
 27710.00 ns: Write to SPR : [00002002] <- 00000260
 28210.00 ns: Write to SPR : [00002002] <- 00000270
 28710.00 ns: Write to SPR : [00002002] <- 00000280
 29210.00 ns: Write to SPR : [00002002] <- 00000290
 29710.00 ns: Write to SPR : [00002002] <- 000002a0
 30210.00 ns: Write to SPR : [00002002] <- 000002b0
 30710.00 ns: Write to SPR : [00002002] <- 000002c0
 31210.00 ns: Write to SPR : [00002002] <- 000002d0
 31710.00 ns: Write to SPR : [00002002] <- 000002e0
 32210.00 ns: Write to SPR : [00002002] <- 000002f0
 32710.00 ns: Write to SPR : [00002002] <- 00000300
 33210.00 ns: Write to SPR : [00002002] <- 00000310
 33710.00 ns: Write to SPR : [00002002] <- 00000320
 34210.00 ns: Write to SPR : [00002002] <- 00000330
 34710.00 ns: Write to SPR : [00002002] <- 00000340
 35210.00 ns: Write to SPR : [00002002] <- 00000350
 35710.00 ns: Write to SPR : [00002002] <- 00000360
 36210.00 ns: Write to SPR : [00002002] <- 00000370
 36710.00 ns: Write to SPR : [00002002] <- 00000380
 37210.00 ns: Write to SPR : [00002002] <- 00000390
 37710.00 ns: Write to SPR : [00002002] <- 000003a0
 38210.00 ns: Write to SPR : [00002002] <- 000003b0
 38710.00 ns: Write to SPR : [00002002] <- 000003c0
 39210.00 ns: Write to SPR : [00002002] <- 000003d0
 39710.00 ns: Write to SPR : [00002002] <- 000003e0
 40210.00 ns: Write to SPR : [00002002] <- 000003f0
 40710.00 ns: Write to SPR : [00002002] <- 00000400
 41210.00 ns: Write to SPR : [00002002] <- 00000410
 41710.00 ns: Write to SPR : [00002002] <- 00000420
 42210.00 ns: Write to SPR : [00002002] <- 00000430
 42710.00 ns: Write to SPR : [00002002] <- 00000440
 43210.00 ns: Write to SPR : [00002002] <- 00000450
 43710.00 ns: Write to SPR : [00002002] <- 00000460
 44210.00 ns: Write to SPR : [00002002] <- 00000470
 44710.00 ns: Write to SPR : [00002002] <- 00000480
 45210.00 ns: Write to SPR : [00002002] <- 00000490
 45710.00 ns: Write to SPR : [00002002] <- 000004a0
 46210.00 ns: Write to SPR : [00002002] <- 000004b0
 46710.00 ns: Write to SPR : [00002002] <- 000004c0
 47210.00 ns: Write to SPR : [00002002] <- 000004d0
 47710.00 ns: Write to SPR : [00002002] <- 000004e0
 48210.00 ns: Write to SPR : [00002002] <- 000004f0
 48710.00 ns: Write to SPR : [00002002] <- 00000500
 49210.00 ns: Write to SPR : [00002002] <- 00000510
 49710.00 ns: Write to SPR : [00002002] <- 00000520
 50210.00 ns: Write to SPR : [00002002] <- 00000530
 50710.00 ns: Write to SPR : [00002002] <- 00000540
 51210.00 ns: Write to SPR : [00002002] <- 00000550
 51710.00 ns: Write to SPR : [00002002] <- 00000560
 52210.00 ns: Write to SPR : [00002002] <- 00000570
 52710.00 ns: Write to SPR : [00002002] <- 00000580
 53210.00 ns: Write to SPR : [00002002] <- 00000590
 53710.00 ns: Write to SPR : [00002002] <- 000005a0
 54210.00 ns: Write to SPR : [00002002] <- 000005b0
 54710.00 ns: Write to SPR : [00002002] <- 000005c0
 55210.00 ns: Write to SPR : [00002002] <- 000005d0
 55710.00 ns: Write to SPR : [00002002] <- 000005e0
 56210.00 ns: Write to SPR : [00002002] <- 000005f0
 56710.00 ns: Write to SPR : [00002002] <- 00000600
 57210.00 ns: Write to SPR : [00002002] <- 00000610
 57710.00 ns: Write to SPR : [00002002] <- 00000620
 58210.00 ns: Write to SPR : [00002002] <- 00000630
 58710.00 ns: Write to SPR : [00002002] <- 00000640
 59210.00 ns: Write to SPR : [00002002] <- 00000650
 59710.00 ns: Write to SPR : [00002002] <- 00000660
 60210.00 ns: Write to SPR : [00002002] <- 00000670
 60710.00 ns: Write to SPR : [00002002] <- 00000680
 61210.00 ns: Write to SPR : [00002002] <- 00000690
 61710.00 ns: Write to SPR : [00002002] <- 000006a0
 62210.00 ns: Write to SPR : [00002002] <- 000006b0
 62710.00 ns: Write to SPR : [00002002] <- 000006c0
 63210.00 ns: Write to SPR : [00002002] <- 000006d0
 63710.00 ns: Write to SPR : [00002002] <- 000006e0
 64210.00 ns: Write to SPR : [00002002] <- 000006f0
 64710.00 ns: Write to SPR : [00002002] <- 00000700
 65210.00 ns: Write to SPR : [00002002] <- 00000710
 65710.00 ns: Write to SPR : [00002002] <- 00000720
 66210.00 ns: Write to SPR : [00002002] <- 00000730
 66710.00 ns: Write to SPR : [00002002] <- 00000740
 67210.00 ns: Write to SPR : [00002002] <- 00000750
 67710.00 ns: Write to SPR : [00002002] <- 00000760
 68210.00 ns: Write to SPR : [00002002] <- 00000770
 68710.00 ns: Write to SPR : [00002002] <- 00000780
 69210.00 ns: Write to SPR : [00002002] <- 00000790
 69710.00 ns: Write to SPR : [00002002] <- 000007a0
 70210.00 ns: Write to SPR : [00002002] <- 000007b0
 70710.00 ns: Write to SPR : [00002002] <- 000007c0
 71210.00 ns: Write to SPR : [00002002] <- 000007d0
 71710.00 ns: Write to SPR : [00002002] <- 000007e0
 72210.00 ns: Write to SPR : [00002002] <- 000007f0
 72710.00 ns: Write to SPR : [00002002] <- 00000800
 73210.00 ns: Write to SPR : [00002002] <- 00000810
 73710.00 ns: Write to SPR : [00002002] <- 00000820
 74210.00 ns: Write to SPR : [00002002] <- 00000830
 74710.00 ns: Write to SPR : [00002002] <- 00000840
 75210.00 ns: Write to SPR : [00002002] <- 00000850
 75710.00 ns: Write to SPR : [00002002] <- 00000860
 76210.00 ns: Write to SPR : [00002002] <- 00000870
 76710.00 ns: Write to SPR : [00002002] <- 00000880
 77210.00 ns: Write to SPR : [00002002] <- 00000890
 77710.00 ns: Write to SPR : [00002002] <- 000008a0
 78210.00 ns: Write to SPR : [00002002] <- 000008b0
 78710.00 ns: Write to SPR : [00002002] <- 000008c0
 79210.00 ns: Write to SPR : [00002002] <- 000008d0
 79710.00 ns: Write to SPR : [00002002] <- 000008e0
 80210.00 ns: Write to SPR : [00002002] <- 000008f0
 80710.00 ns: Write to SPR : [00002002] <- 00000900
 81210.00 ns: Write to SPR : [00002002] <- 00000910
 81710.00 ns: Write to SPR : [00002002] <- 00000920
 82210.00 ns: Write to SPR : [00002002] <- 00000930
 82710.00 ns: Write to SPR : [00002002] <- 00000940
 83210.00 ns: Write to SPR : [00002002] <- 00000950
 83710.00 ns: Write to SPR : [00002002] <- 00000960
 84210.00 ns: Write to SPR : [00002002] <- 00000970
 84710.00 ns: Write to SPR : [00002002] <- 00000980
 85210.00 ns: Write to SPR : [00002002] <- 00000990
 85710.00 ns: Write to SPR : [00002002] <- 000009a0
 86210.00 ns: Write to SPR : [00002002] <- 000009b0
 86710.00 ns: Write to SPR : [00002002] <- 000009c0
 87210.00 ns: Write to SPR : [00002002] <- 000009d0
 87710.00 ns: Write to SPR : [00002002] <- 000009e0
 88210.00 ns: Write to SPR : [00002002] <- 000009f0
 88710.00 ns: Write to SPR : [00002002] <- 00000a00
 89210.00 ns: Write to SPR : [00002002] <- 00000a10
 89710.00 ns: Write to SPR : [00002002] <- 00000a20
 90210.00 ns: Write to SPR : [00002002] <- 00000a30
 90710.00 ns: Write to SPR : [00002002] <- 00000a40
 91210.00 ns: Write to SPR : [00002002] <- 00000a50
 91710.00 ns: Write to SPR : [00002002] <- 00000a60
 92210.00 ns: Write to SPR : [00002002] <- 00000a70
 92710.00 ns: Write to SPR : [00002002] <- 00000a80
 93210.00 ns: Write to SPR : [00002002] <- 00000a90
 93710.00 ns: Write to SPR : [00002002] <- 00000aa0
 94210.00 ns: Write to SPR : [00002002] <- 00000ab0
 94710.00 ns: Write to SPR : [00002002] <- 00000ac0
 95210.00 ns: Write to SPR : [00002002] <- 00000ad0
 95710.00 ns: Write to SPR : [00002002] <- 00000ae0
 96210.00 ns: Write to SPR : [00002002] <- 00000af0
 96710.00 ns: Write to SPR : [00002002] <- 00000b00
 97210.00 ns: Write to SPR : [00002002] <- 00000b10
 97710.00 ns: Write to SPR : [00002002] <- 00000b20
 98210.00 ns: Write to SPR : [00002002] <- 00000b30
 98710.00 ns: Write to SPR : [00002002] <- 00000b40
 99210.00 ns: Write to SPR : [00002002] <- 00000b50
 99710.00 ns: Write to SPR : [00002002] <- 00000b60
100210.00 ns: Write to SPR : [00002002] <- 00000b70
100710.00 ns: Write to SPR : [00002002] <- 00000b80
101210.00 ns: Write to SPR : [00002002] <- 00000b90
101710.00 ns: Write to SPR : [00002002] <- 00000ba0
102210.00 ns: Write to SPR : [00002002] <- 00000bb0
102710.00 ns: Write to SPR : [00002002] <- 00000bc0
103210.00 ns: Write to SPR : [00002002] <- 00000bd0
103710.00 ns: Write to SPR : [00002002] <- 00000be0
104210.00 ns: Write to SPR : [00002002] <- 00000bf0
104710.00 ns: Write to SPR : [00002002] <- 00000c00
105210.00 ns: Write to SPR : [00002002] <- 00000c10
105710.00 ns: Write to SPR : [00002002] <- 00000c20
106210.00 ns: Write to SPR : [00002002] <- 00000c30
106710.00 ns: Write to SPR : [00002002] <- 00000c40
107210.00 ns: Write to SPR : [00002002] <- 00000c50
107710.00 ns: Write to SPR : [00002002] <- 00000c60
108210.00 ns: Write to SPR : [00002002] <- 00000c70
108710.00 ns: Write to SPR : [00002002] <- 00000c80
109210.00 ns: Write to SPR : [00002002] <- 00000c90
109710.00 ns: Write to SPR : [00002002] <- 00000ca0
110210.00 ns: Write to SPR : [00002002] <- 00000cb0
110710.00 ns: Write to SPR : [00002002] <- 00000cc0
111210.00 ns: Write to SPR : [00002002] <- 00000cd0
111710.00 ns: Write to SPR : [00002002] <- 00000ce0
112210.00 ns: Write to SPR : [00002002] <- 00000cf0
112710.00 ns: Write to SPR : [00002002] <- 00000d00
113210.00 ns: Write to SPR : [00002002] <- 00000d10
113710.00 ns: Write to SPR : [00002002] <- 00000d20
114210.00 ns: Write to SPR : [00002002] <- 00000d30
114710.00 ns: Write to SPR : [00002002] <- 00000d40
115210.00 ns: Write to SPR : [00002002] <- 00000d50
115710.00 ns: Write to SPR : [00002002] <- 00000d60
116210.00 ns: Write to SPR : [00002002] <- 00000d70
116710.00 ns: Write to SPR : [00002002] <- 00000d80
117210.00 ns: Write to SPR : [00002002] <- 00000d90
117710.00 ns: Write to SPR : [00002002] <- 00000da0
118210.00 ns: Write to SPR : [00002002] <- 00000db0
118710.00 ns: Write to SPR : [00002002] <- 00000dc0
119210.00 ns: Write to SPR : [00002002] <- 00000dd0
119710.00 ns: Write to SPR : [00002002] <- 00000de0
120210.00 ns: Write to SPR : [00002002] <- 00000df0
120710.00 ns: Write to SPR : [00002002] <- 00000e00
121210.00 ns: Write to SPR : [00002002] <- 00000e10
121710.00 ns: Write to SPR : [00002002] <- 00000e20
122210.00 ns: Write to SPR : [00002002] <- 00000e30
122710.00 ns: Write to SPR : [00002002] <- 00000e40
123210.00 ns: Write to SPR : [00002002] <- 00000e50
123710.00 ns: Write to SPR : [00002002] <- 00000e60
124210.00 ns: Write to SPR : [00002002] <- 00000e70
124710.00 ns: Write to SPR : [00002002] <- 00000e80
125210.00 ns: Write to SPR : [00002002] <- 00000e90
125710.00 ns: Write to SPR : [00002002] <- 00000ea0
126210.00 ns: Write to SPR : [00002002] <- 00000eb0
126710.00 ns: Write to SPR : [00002002] <- 00000ec0
127210.00 ns: Write to SPR : [00002002] <- 00000ed0
127710.00 ns: Write to SPR : [00002002] <- 00000ee0
128210.00 ns: Write to SPR : [00002002] <- 00000ef0
128710.00 ns: Write to SPR : [00002002] <- 00000f00
129210.00 ns: Write to SPR : [00002002] <- 00000f10
129710.00 ns: Write to SPR : [00002002] <- 00000f20
130210.00 ns: Write to SPR : [00002002] <- 00000f30
130710.00 ns: Write to SPR : [00002002] <- 00000f40
131210.00 ns: Write to SPR : [00002002] <- 00000f50
131710.00 ns: Write to SPR : [00002002] <- 00000f60
132210.00 ns: Write to SPR : [00002002] <- 00000f70
132710.00 ns: Write to SPR : [00002002] <- 00000f80
133210.00 ns: Write to SPR : [00002002] <- 00000f90
133710.00 ns: Write to SPR : [00002002] <- 00000fa0
134210.00 ns: Write to SPR : [00002002] <- 00000fb0
134710.00 ns: Write to SPR : [00002002] <- 00000fc0
135210.00 ns: Write to SPR : [00002002] <- 00000fd0
135710.00 ns: Write to SPR : [00002002] <- 00000fe0
136210.00 ns: Write to SPR : [00002002] <- 00000ff0
136710.00 ns: Write to SPR : [00002002] <- 00001000
137110.00 ns: Read from SPR: [00000011] -> 00008001
137350.00 ns: Write to SPR : [00000011] <- 00008011
137950.00 ns: Read from SPR: [00000001] -> 00000e7f
138230.00 ns: Read from SPR: [00000011] -> 00008011
138470.00 ns: Write to SPR : [00000011] <- 00008011
138550.00 ns: Read from SPR: [00000005] -> 00002640
139190.00 ns: Write to SPR : [00001803] <- 00000000
139450.00 ns: Write to SPR : [00001803] <- 00000010
139590.00 ns: Write to SPR : [00001803] <- 00000020
139730.00 ns: Write to SPR : [00001803] <- 00000030
139870.00 ns: Write to SPR : [00001803] <- 00000040
140010.00 ns: Write to SPR : [00001803] <- 00000050
140150.00 ns: Write to SPR : [00001803] <- 00000060
140290.00 ns: Write to SPR : [00001803] <- 00000070
140430.00 ns: Write to SPR : [00001803] <- 00000080
140570.00 ns: Write to SPR : [00001803] <- 00000090
140710.00 ns: Write to SPR : [00001803] <- 000000a0
140850.00 ns: Write to SPR : [00001803] <- 000000b0
140990.00 ns: Write to SPR : [00001803] <- 000000c0
141130.00 ns: Write to SPR : [00001803] <- 000000d0
141270.00 ns: Write to SPR : [00001803] <- 000000e0
141410.00 ns: Write to SPR : [00001803] <- 000000f0
141550.00 ns: Write to SPR : [00001803] <- 00000100
141690.00 ns: Write to SPR : [00001803] <- 00000110
141830.00 ns: Write to SPR : [00001803] <- 00000120
141970.00 ns: Write to SPR : [00001803] <- 00000130
142110.00 ns: Write to SPR : [00001803] <- 00000140
142250.00 ns: Write to SPR : [00001803] <- 00000150
142390.00 ns: Write to SPR : [00001803] <- 00000160
142530.00 ns: Write to SPR : [00001803] <- 00000170
142670.00 ns: Write to SPR : [00001803] <- 00000180
142810.00 ns: Write to SPR : [00001803] <- 00000190
142950.00 ns: Write to SPR : [00001803] <- 000001a0
143090.00 ns: Write to SPR : [00001803] <- 000001b0
143230.00 ns: Write to SPR : [00001803] <- 000001c0
143370.00 ns: Write to SPR : [00001803] <- 000001d0
143510.00 ns: Write to SPR : [00001803] <- 000001e0
143650.00 ns: Write to SPR : [00001803] <- 000001f0
143790.00 ns: Write to SPR : [00001803] <- 00000200
143930.00 ns: Write to SPR : [00001803] <- 00000210
144070.00 ns: Write to SPR : [00001803] <- 00000220
144210.00 ns: Write to SPR : [00001803] <- 00000230
144350.00 ns: Write to SPR : [00001803] <- 00000240
144490.00 ns: Write to SPR : [00001803] <- 00000250
144630.00 ns: Write to SPR : [00001803] <- 00000260
144770.00 ns: Write to SPR : [00001803] <- 00000270
144910.00 ns: Write to SPR : [00001803] <- 00000280
145050.00 ns: Write to SPR : [00001803] <- 00000290
145190.00 ns: Write to SPR : [00001803] <- 000002a0
145330.00 ns: Write to SPR : [00001803] <- 000002b0
145470.00 ns: Write to SPR : [00001803] <- 000002c0
145610.00 ns: Write to SPR : [00001803] <- 000002d0
145750.00 ns: Write to SPR : [00001803] <- 000002e0
145890.00 ns: Write to SPR : [00001803] <- 000002f0
146030.00 ns: Write to SPR : [00001803] <- 00000300
146170.00 ns: Write to SPR : [00001803] <- 00000310
146310.00 ns: Write to SPR : [00001803] <- 00000320
146450.00 ns: Write to SPR : [00001803] <- 00000330
146590.00 ns: Write to SPR : [00001803] <- 00000340
146730.00 ns: Write to SPR : [00001803] <- 00000350
146870.00 ns: Write to SPR : [00001803] <- 00000360
147010.00 ns: Write to SPR : [00001803] <- 00000370
147150.00 ns: Write to SPR : [00001803] <- 00000380
147290.00 ns: Write to SPR : [00001803] <- 00000390
147430.00 ns: Write to SPR : [00001803] <- 000003a0
147570.00 ns: Write to SPR : [00001803] <- 000003b0
147710.00 ns: Write to SPR : [00001803] <- 000003c0
147850.00 ns: Write to SPR : [00001803] <- 000003d0
147990.00 ns: Write to SPR : [00001803] <- 000003e0
148130.00 ns: Write to SPR : [00001803] <- 000003f0
148270.00 ns: Write to SPR : [00001803] <- 00000400
148410.00 ns: Write to SPR : [00001803] <- 00000410
148550.00 ns: Write to SPR : [00001803] <- 00000420
148690.00 ns: Write to SPR : [00001803] <- 00000430
148830.00 ns: Write to SPR : [00001803] <- 00000440
148970.00 ns: Write to SPR : [00001803] <- 00000450
149110.00 ns: Write to SPR : [00001803] <- 00000460
149250.00 ns: Write to SPR : [00001803] <- 00000470
149390.00 ns: Write to SPR : [00001803] <- 00000480
149530.00 ns: Write to SPR : [00001803] <- 00000490
149670.00 ns: Write to SPR : [00001803] <- 000004a0
149810.00 ns: Write to SPR : [00001803] <- 000004b0
149950.00 ns: Write to SPR : [00001803] <- 000004c0
150090.00 ns: Write to SPR : [00001803] <- 000004d0
150230.00 ns: Write to SPR : [00001803] <- 000004e0
150370.00 ns: Write to SPR : [00001803] <- 000004f0
150510.00 ns: Write to SPR : [00001803] <- 00000500
150650.00 ns: Write to SPR : [00001803] <- 00000510
150790.00 ns: Write to SPR : [00001803] <- 00000520
150930.00 ns: Write to SPR : [00001803] <- 00000530
151070.00 ns: Write to SPR : [00001803] <- 00000540
151210.00 ns: Write to SPR : [00001803] <- 00000550
151350.00 ns: Write to SPR : [00001803] <- 00000560
151490.00 ns: Write to SPR : [00001803] <- 00000570
151630.00 ns: Write to SPR : [00001803] <- 00000580
151770.00 ns: Write to SPR : [00001803] <- 00000590
151910.00 ns: Write to SPR : [00001803] <- 000005a0
152050.00 ns: Write to SPR : [00001803] <- 000005b0
152190.00 ns: Write to SPR : [00001803] <- 000005c0
152330.00 ns: Write to SPR : [00001803] <- 000005d0
152470.00 ns: Write to SPR : [00001803] <- 000005e0
152610.00 ns: Write to SPR : [00001803] <- 000005f0
152750.00 ns: Write to SPR : [00001803] <- 00000600
152890.00 ns: Write to SPR : [00001803] <- 00000610
153030.00 ns: Write to SPR : [00001803] <- 00000620
153170.00 ns: Write to SPR : [00001803] <- 00000630
153310.00 ns: Write to SPR : [00001803] <- 00000640
153450.00 ns: Write to SPR : [00001803] <- 00000650
153590.00 ns: Write to SPR : [00001803] <- 00000660
153730.00 ns: Write to SPR : [00001803] <- 00000670
153870.00 ns: Write to SPR : [00001803] <- 00000680
154010.00 ns: Write to SPR : [00001803] <- 00000690
154150.00 ns: Write to SPR : [00001803] <- 000006a0
154290.00 ns: Write to SPR : [00001803] <- 000006b0
154430.00 ns: Write to SPR : [00001803] <- 000006c0
154570.00 ns: Write to SPR : [00001803] <- 000006d0
154710.00 ns: Write to SPR : [00001803] <- 000006e0
154850.00 ns: Write to SPR : [00001803] <- 000006f0
154990.00 ns: Write to SPR : [00001803] <- 00000700
155130.00 ns: Write to SPR : [00001803] <- 00000710
155270.00 ns: Write to SPR : [00001803] <- 00000720
155410.00 ns: Write to SPR : [00001803] <- 00000730
155550.00 ns: Write to SPR : [00001803] <- 00000740
155690.00 ns: Write to SPR : [00001803] <- 00000750
155830.00 ns: Write to SPR : [00001803] <- 00000760
155970.00 ns: Write to SPR : [00001803] <- 00000770
156110.00 ns: Write to SPR : [00001803] <- 00000780
156250.00 ns: Write to SPR : [00001803] <- 00000790
156390.00 ns: Write to SPR : [00001803] <- 000007a0
156530.00 ns: Write to SPR : [00001803] <- 000007b0
156670.00 ns: Write to SPR : [00001803] <- 000007c0
156810.00 ns: Write to SPR : [00001803] <- 000007d0
156950.00 ns: Write to SPR : [00001803] <- 000007e0
157090.00 ns: Write to SPR : [00001803] <- 000007f0
157230.00 ns: Write to SPR : [00001803] <- 00000800
157370.00 ns: Write to SPR : [00001803] <- 00000810
157510.00 ns: Write to SPR : [00001803] <- 00000820
157650.00 ns: Write to SPR : [00001803] <- 00000830
157790.00 ns: Write to SPR : [00001803] <- 00000840
157930.00 ns: Write to SPR : [00001803] <- 00000850
158070.00 ns: Write to SPR : [00001803] <- 00000860
158210.00 ns: Write to SPR : [00001803] <- 00000870
158350.00 ns: Write to SPR : [00001803] <- 00000880
158490.00 ns: Write to SPR : [00001803] <- 00000890
158630.00 ns: Write to SPR : [00001803] <- 000008a0
158770.00 ns: Write to SPR : [00001803] <- 000008b0
158910.00 ns: Write to SPR : [00001803] <- 000008c0
159050.00 ns: Write to SPR : [00001803] <- 000008d0
159190.00 ns: Write to SPR : [00001803] <- 000008e0
159330.00 ns: Write to SPR : [00001803] <- 000008f0
159470.00 ns: Write to SPR : [00001803] <- 00000900
159610.00 ns: Write to SPR : [00001803] <- 00000910
159750.00 ns: Write to SPR : [00001803] <- 00000920
159890.00 ns: Write to SPR : [00001803] <- 00000930
160030.00 ns: Write to SPR : [00001803] <- 00000940
160170.00 ns: Write to SPR : [00001803] <- 00000950
160310.00 ns: Write to SPR : [00001803] <- 00000960
160450.00 ns: Write to SPR : [00001803] <- 00000970
160590.00 ns: Write to SPR : [00001803] <- 00000980
160730.00 ns: Write to SPR : [00001803] <- 00000990
160870.00 ns: Write to SPR : [00001803] <- 000009a0
161010.00 ns: Write to SPR : [00001803] <- 000009b0
161150.00 ns: Write to SPR : [00001803] <- 000009c0
161290.00 ns: Write to SPR : [00001803] <- 000009d0
161430.00 ns: Write to SPR : [00001803] <- 000009e0
161570.00 ns: Write to SPR : [00001803] <- 000009f0
161710.00 ns: Write to SPR : [00001803] <- 00000a00
161850.00 ns: Write to SPR : [00001803] <- 00000a10
161990.00 ns: Write to SPR : [00001803] <- 00000a20
162130.00 ns: Write to SPR : [00001803] <- 00000a30
162270.00 ns: Write to SPR : [00001803] <- 00000a40
162410.00 ns: Write to SPR : [00001803] <- 00000a50
162550.00 ns: Write to SPR : [00001803] <- 00000a60
162690.00 ns: Write to SPR : [00001803] <- 00000a70
162830.00 ns: Write to SPR : [00001803] <- 00000a80
162970.00 ns: Write to SPR : [00001803] <- 00000a90
163110.00 ns: Write to SPR : [00001803] <- 00000aa0
163250.00 ns: Write to SPR : [00001803] <- 00000ab0
163390.00 ns: Write to SPR : [00001803] <- 00000ac0
163530.00 ns: Write to SPR : [00001803] <- 00000ad0
163670.00 ns: Write to SPR : [00001803] <- 00000ae0
163810.00 ns: Write to SPR : [00001803] <- 00000af0
163950.00 ns: Write to SPR : [00001803] <- 00000b00
164090.00 ns: Write to SPR : [00001803] <- 00000b10
164230.00 ns: Write to SPR : [00001803] <- 00000b20
164370.00 ns: Write to SPR : [00001803] <- 00000b30
164510.00 ns: Write to SPR : [00001803] <- 00000b40
164650.00 ns: Write to SPR : [00001803] <- 00000b50
164790.00 ns: Write to SPR : [00001803] <- 00000b60
164930.00 ns: Write to SPR : [00001803] <- 00000b70
165070.00 ns: Write to SPR : [00001803] <- 00000b80
165210.00 ns: Write to SPR : [00001803] <- 00000b90
165350.00 ns: Write to SPR : [00001803] <- 00000ba0
165490.00 ns: Write to SPR : [00001803] <- 00000bb0
165630.00 ns: Write to SPR : [00001803] <- 00000bc0
165770.00 ns: Write to SPR : [00001803] <- 00000bd0
165910.00 ns: Write to SPR : [00001803] <- 00000be0
166050.00 ns: Write to SPR : [00001803] <- 00000bf0
166190.00 ns: Write to SPR : [00001803] <- 00000c00
166330.00 ns: Write to SPR : [00001803] <- 00000c10
166470.00 ns: Write to SPR : [00001803] <- 00000c20
166610.00 ns: Write to SPR : [00001803] <- 00000c30
166750.00 ns: Write to SPR : [00001803] <- 00000c40
166890.00 ns: Write to SPR : [00001803] <- 00000c50
167030.00 ns: Write to SPR : [00001803] <- 00000c60
167170.00 ns: Write to SPR : [00001803] <- 00000c70
167310.00 ns: Write to SPR : [00001803] <- 00000c80
167450.00 ns: Write to SPR : [00001803] <- 00000c90
167590.00 ns: Write to SPR : [00001803] <- 00000ca0
167730.00 ns: Write to SPR : [00001803] <- 00000cb0
167870.00 ns: Write to SPR : [00001803] <- 00000cc0
168010.00 ns: Write to SPR : [00001803] <- 00000cd0
168150.00 ns: Write to SPR : [00001803] <- 00000ce0
168290.00 ns: Write to SPR : [00001803] <- 00000cf0
168430.00 ns: Write to SPR : [00001803] <- 00000d00
168570.00 ns: Write to SPR : [00001803] <- 00000d10
168710.00 ns: Write to SPR : [00001803] <- 00000d20
168850.00 ns: Write to SPR : [00001803] <- 00000d30
168990.00 ns: Write to SPR : [00001803] <- 00000d40
169130.00 ns: Write to SPR : [00001803] <- 00000d50
169270.00 ns: Write to SPR : [00001803] <- 00000d60
169410.00 ns: Write to SPR : [00001803] <- 00000d70
169550.00 ns: Write to SPR : [00001803] <- 00000d80
169690.00 ns: Write to SPR : [00001803] <- 00000d90
169830.00 ns: Write to SPR : [00001803] <- 00000da0
169970.00 ns: Write to SPR : [00001803] <- 00000db0
170110.00 ns: Write to SPR : [00001803] <- 00000dc0
170250.00 ns: Write to SPR : [00001803] <- 00000dd0
170390.00 ns: Write to SPR : [00001803] <- 00000de0
170530.00 ns: Write to SPR : [00001803] <- 00000df0
170670.00 ns: Write to SPR : [00001803] <- 00000e00
170810.00 ns: Write to SPR : [00001803] <- 00000e10
170950.00 ns: Write to SPR : [00001803] <- 00000e20
171090.00 ns: Write to SPR : [00001803] <- 00000e30
171230.00 ns: Write to SPR : [00001803] <- 00000e40
171370.00 ns: Write to SPR : [00001803] <- 00000e50
171510.00 ns: Write to SPR : [00001803] <- 00000e60
171650.00 ns: Write to SPR : [00001803] <- 00000e70
171790.00 ns: Write to SPR : [00001803] <- 00000e80
171930.00 ns: Write to SPR : [00001803] <- 00000e90
172070.00 ns: Write to SPR : [00001803] <- 00000ea0
172210.00 ns: Write to SPR : [00001803] <- 00000eb0
172350.00 ns: Write to SPR : [00001803] <- 00000ec0
172490.00 ns: Write to SPR : [00001803] <- 00000ed0
172630.00 ns: Write to SPR : [00001803] <- 00000ee0
172770.00 ns: Write to SPR : [00001803] <- 00000ef0
172910.00 ns: Write to SPR : [00001803] <- 00000f00
173050.00 ns: Write to SPR : [00001803] <- 00000f10
173190.00 ns: Write to SPR : [00001803] <- 00000f20
173330.00 ns: Write to SPR : [00001803] <- 00000f30
173470.00 ns: Write to SPR : [00001803] <- 00000f40
173610.00 ns: Write to SPR : [00001803] <- 00000f50
173750.00 ns: Write to SPR : [00001803] <- 00000f60
173890.00 ns: Write to SPR : [00001803] <- 00000f70
174030.00 ns: Write to SPR : [00001803] <- 00000f80
174170.00 ns: Write to SPR : [00001803] <- 00000f90
174310.00 ns: Write to SPR : [00001803] <- 00000fa0
174450.00 ns: Write to SPR : [00001803] <- 00000fb0
174590.00 ns: Write to SPR : [00001803] <- 00000fc0
174730.00 ns: Write to SPR : [00001803] <- 00000fd0
174870.00 ns: Write to SPR : [00001803] <- 00000fe0
175010.00 ns: Write to SPR : [00001803] <- 00000ff0
175150.00 ns: Write to SPR : [00001803] <- 00001000
175270.00 ns: Read from SPR: [00000011] -> 00008011
175450.00 ns: Write to SPR : [00000011] <- 00008019
